#
# There is insufficient memory for the Java Runtime Environment to continue.
# Native memory allocation (malloc) failed to allocate 279792 bytes for Chunk::new
# Possible reasons:
#   The system is out of physical RAM or swap space
#   In 32 bit mode, the process size limit was hit
# Possible solutions:
#   Reduce memory load on the system
#   Increase physical memory or swap space
#   Check if swap backing store is full
#   Use 64 bit Java on a 64 bit OS
#   Decrease Java heap size (-Xmx/-Xms)
#   Decrease number of Java threads
#   Decrease Java thread stack sizes (-Xss)
#   Set larger code cache with -XX:ReservedCodeCacheSize=
# This output file may be truncated or incomplete.
#
#  Out of Memory Error (allocation.cpp:390), pid=8308, tid=7396
#
# JRE version: Java(TM) SE Runtime Environment (8.0_40-b26) (build 1.8.0_40-b26)
# Java VM: Java HotSpot(TM) 64-Bit Server VM (25.40-b25 mixed mode windows-amd64 compressed oops)
# Failed to write core dump. Minidumps are not enabled by default on client versions of Windows
#

---------------  T H R E A D  ---------------

Current thread (0x00000000575ad800):  JavaThread "C2 CompilerThread0" daemon [_thread_in_native, id=7396, stack(0x0000000058600000,0x0000000058700000)]

Stack: [0x0000000058600000,0x0000000058700000]
Native frames: (J=compiled Java code, j=interpreted, Vv=VM code, C=native code)
V  [jvm.dll+0x32b47a]


Current CompileTask:
C2:  25972 2809       4       javafx.scene.CssStyleHelper::resolveLookups (515 bytes)


---------------  P R O C E S S  ---------------

Java Threads: ( => current thread )
  0x0000000059f9c800 JavaThread "Prism Font Disposer" daemon [_thread_blocked, id=8300, stack(0x000000005ff90000,0x0000000060090000)]
  0x0000000059eaa800 JavaThread "JavaFX-Launcher" [_thread_blocked, id=5596, stack(0x000000005d5c0000,0x000000005d6c0000)]
  0x00000000598f1800 JavaThread "Thread-2" daemon [_thread_blocked, id=8940, stack(0x000000005d4a0000,0x000000005d5a0000)]
  0x00000000598ba000 JavaThread "JavaFX Application Thread" [_thread_blocked, id=8856, stack(0x000000005a6e0000,0x000000005a7e0000)]
  0x00000000598b8000 JavaThread "Thread-1" daemon [_thread_blocked, id=8240, stack(0x000000005a590000,0x000000005a690000)]
  0x0000000058f8d000 JavaThread "QuantumRenderer-0" daemon [_thread_blocked, id=6364, stack(0x00000000597b0000,0x00000000598b0000)]
  0x0000000058c93800 JavaThread "Service Thread" daemon [_thread_blocked, id=8252, stack(0x0000000059560000,0x0000000059660000)]
  0x0000000058c18800 JavaThread "C1 CompilerThread2" daemon [_thread_blocked, id=7268, stack(0x0000000059380000,0x0000000059480000)]
  0x0000000058c13000 JavaThread "C2 CompilerThread1" daemon [_thread_blocked, id=8660, stack(0x00000000590f0000,0x00000000591f0000)]
=>0x00000000575ad800 JavaThread "C2 CompilerThread0" daemon [_thread_in_native, id=7396, stack(0x0000000058600000,0x0000000058700000)]
  0x00000000575ab000 JavaThread "Attach Listener" daemon [_thread_blocked, id=8464, stack(0x00000000124a0000,0x00000000125a0000)]
  0x00000000575a7800 JavaThread "Signal Dispatcher" daemon [_thread_blocked, id=8976, stack(0x0000000058b10000,0x0000000058c10000)]
  0x0000000057548800 JavaThread "Finalizer" daemon [_thread_blocked, id=6148, stack(0x0000000058920000,0x0000000058a20000)]
  0x0000000057541800 JavaThread "Reference Handler" daemon [_thread_blocked, id=8076, stack(0x0000000058780000,0x0000000058880000)]
  0x0000000001fe9000 JavaThread "main" [_thread_blocked, id=8368, stack(0x0000000002380000,0x0000000002480000)]

Other Threads:
  0x000000005753c000 VMThread [stack: 0x00000000584f0000,0x00000000585f0000] [id=8172]
  0x0000000058c97000 WatcherThread [stack: 0x00000000591f0000,0x00000000592f0000] [id=8964]

VM state:at safepoint (normal execution)

VM Mutex/Monitor currently owned by a thread:  ([mutex/lock_event])
[0x00000000020be790] Threads_lock - owner thread: 0x000000005753c000
[0x00000000020bec90] Heap_lock - owner thread: 0x0000000058c18800
[0x00000000020bf210] MethodData_lock - owner thread: 0x0000000058c18800

Heap:
 PSYoungGen      total 38400K, used 1184K [0x00000000d5600000, 0x00000000d8080000, 0x0000000100000000)
  eden space 33280K, 0% used [0x00000000d5600000,0x00000000d5600000,0x00000000d7680000)
  from space 5120K, 23% used [0x00000000d7680000,0x00000000d77a8000,0x00000000d7b80000)
  to   space 5120K, 0% used [0x00000000d7b80000,0x00000000d7b80000,0x00000000d8080000)
 ParOldGen       total 48640K, used 8338K [0x0000000080200000, 0x0000000083180000, 0x00000000d5600000)
  object space 48640K, 17% used [0x0000000080200000,0x0000000080a24b00,0x0000000083180000)
 Metaspace       used 21772K, capacity 22682K, committed 22704K, reserved 1073152K
  class space    used 3025K, capacity 3237K, committed 3248K, reserved 1048576K

Card table byte_map: [0x0000000011b10000,0x0000000011f10000] byte_map_base: 0x000000001170f000

Marking Bits: (ParMarkBitMap*) 0x000000006b5f4040
 Begin Bits: [0x00000000127c0000, 0x00000000147b8000)
 End Bits:   [0x00000000147b8000, 0x00000000167b0000)

Polling page: 0x0000000000520000

CodeCache: size=245760Kb used=8822Kb max_used=8822Kb free=236937Kb
 bounds [0x0000000002750000, 0x0000000003000000, 0x0000000011750000]
 total_blobs=3639 nmethods=2893 adapters=657
 compilation: enabled

Compilation events (10 events):
Event: 25.890 Thread 0x0000000058c18800 nmethod 2905 0x0000000002fee090 code [0x0000000002fee200, 0x0000000002fee4d8]
Event: 25.905 Thread 0x0000000058c13000 2907       4       java.lang.ThreadLocal::get (38 bytes)
Event: 25.906 Thread 0x0000000058c13000 

Event: 25.916 Thread 0x0000000058c18800 2908       3       javafx.scene.layout.Region::minHeight (52 bytes)
Event: 25.917 Thread 0x0000000058c18800 nmethod 2908 0x0000000002feee90 code [0x0000000002fef080, 0x0000000002fef888]
Event: 25.917 Thread 0x0000000058c18800 2909       3       javafx.scene.layout.Region::getMinHeight (22 bytes)
Event: 25.917 Thread 0x0000000058c18800 nmethod 2909 0x0000000002fee810 code [0x0000000002fee980, 0x0000000002feed48]
Event: 25.917 Thread 0x0000000058c18800 2910       3       javafx.scene.Parent::minHeight (89 bytes)
Event: 25.917 Thread 0x0000000058c18800 nmethod 2910 0x0000000002fefad0 code [0x0000000002fefca0, 0x0000000002ff0378]
Event: 25.921 Thread 0x0000000058c18800 2911       3       com.sun.javafx.event.EventHandlerManager::dispatchCapturingEvent (23 bytes)

GC Heap History (9 events):
Event: 3.505 GC heap before
{Heap before GC invocations=1 (full 0):
 PSYoungGen      total 38400K, used 33280K [0x00000000d5600000, 0x00000000d8080000, 0x0000000100000000)
  eden space 33280K, 100% used [0x00000000d5600000,0x00000000d7680000,0x00000000d7680000)
  from space 5120K, 0% used [0x00000000d7b80000,0x00000000d7b80000,0x00000000d8080000)
  to   space 5120K, 0% used [0x00000000d7680000,0x00000000d7680000,0x00000000d7b80000)
 ParOldGen       total 87552K, used 0K [0x0000000080200000, 0x0000000085780000, 0x00000000d5600000)
  object space 87552K, 0% used [0x0000000080200000,0x0000000080200000,0x0000000085780000)
 Metaspace       used 13633K, capacity 14018K, committed 14080K, reserved 1060864K
  class space    used 1623K, capacity 1731K, committed 1792K, reserved 1048576K
Event: 3.510 GC heap after
Heap after GC invocations=1 (full 0):
 PSYoungGen      total 38400K, used 5113K [0x00000000d5600000, 0x00000000d8080000, 0x0000000100000000)
  eden space 33280K, 0% used [0x00000000d5600000,0x00000000d5600000,0x00000000d7680000)
  from space 5120K, 99% used [0x00000000d7680000,0x00000000d7b7e470,0x00000000d7b80000)
  to   space 5120K, 0% used [0x00000000d7b80000,0x00000000d7b80000,0x00000000d8080000)
 ParOldGen       total 87552K, used 1168K [0x0000000080200000, 0x0000000085780000, 0x00000000d5600000)
  object space 87552K, 1% used [0x0000000080200000,0x0000000080324358,0x0000000085780000)
 Metaspace       used 13633K, capacity 14018K, committed 14080K, reserved 1060864K
  class space    used 1623K, capacity 1731K, committed 1792K, reserved 1048576K
}
Event: 8.776 GC heap before
{Heap before GC invocations=2 (full 0):
 PSYoungGen      total 38400K, used 27804K [0x00000000d5600000, 0x00000000d8080000, 0x0000000100000000)
  eden space 33280K, 68% used [0x00000000d5600000,0x00000000d6c28b90,0x00000000d7680000)
  from space 5120K, 99% used [0x00000000d7680000,0x00000000d7b7e470,0x00000000d7b80000)
  to   space 5120K, 0% used [0x00000000d7b80000,0x00000000d7b80000,0x00000000d8080000)
 ParOldGen       total 87552K, used 1168K [0x0000000080200000, 0x0000000085780000, 0x00000000d5600000)
  object space 87552K, 1% used [0x0000000080200000,0x0000000080324358,0x0000000085780000)
 Metaspace       used 20411K, capacity 21270K, committed 21296K, reserved 1067008K
  class space    used 2903K, capacity 3113K, committed 3120K, reserved 1048576K
Event: 8.783 GC heap after
Heap after GC invocations=2 (full 0):
 PSYoungGen      total 38400K, used 5088K [0x00000000d5600000, 0x00000000d8080000, 0x0000000100000000)
  eden space 33280K, 0% used [0x00000000d5600000,0x00000000d5600000,0x00000000d7680000)
  from space 5120K, 99% used [0x00000000d7b80000,0x00000000d80782a0,0x00000000d8080000)
  to   space 5120K, 0% used [0x00000000d7680000,0x00000000d7680000,0x00000000d7b80000)
 ParOldGen       total 87552K, used 6677K [0x0000000080200000, 0x0000000085780000, 0x00000000d5600000)
  object space 87552K, 7% used [0x0000000080200000,0x0000000080885748,0x0000000085780000)
 Metaspace       used 20411K, capacity 21270K, committed 21296K, reserved 1067008K
  class space    used 2903K, capacity 3113K, committed 3120K, reserved 1048576K
}
Event: 8.783 GC heap before
{Heap before GC invocations=3 (full 1):
 PSYoungGen      total 38400K, used 5088K [0x00000000d5600000, 0x00000000d8080000, 0x0000000100000000)
  eden space 33280K, 0% used [0x00000000d5600000,0x00000000d5600000,0x00000000d7680000)
  from space 5120K, 99% used [0x00000000d7b80000,0x00000000d80782a0,0x00000000d8080000)
  to   space 5120K, 0% used [0x00000000d7680000,0x00000000d7680000,0x00000000d7b80000)
 ParOldGen       total 87552K, used 6677K [0x0000000080200000, 0x0000000085780000, 0x00000000d5600000)
  object space 87552K, 7% used [0x0000000080200000,0x0000000080885748,0x0000000085780000)
 Metaspace       used 20411K, capacity 21270K, committed 21296K, reserved 1067008K
  class space    used 2903K, capacity 3113K, committed 3120K, reserved 1048576K
Event: 8.809 GC heap after
Heap after GC invocations=3 (full 1):
 PSYoungGen      total 38400K, used 0K [0x00000000d5600000, 0x00000000d8080000, 0x0000000100000000)
  eden space 33280K, 0% used [0x00000000d5600000,0x00000000d5600000,0x00000000d7680000)
  from space 5120K, 0% used [0x00000000d7b80000,0x00000000d7b80000,0x00000000d8080000)
  to   space 5120K, 0% used [0x00000000d7680000,0x00000000d7680000,0x00000000d7b80000)
 ParOldGen       total 48640K, used 8330K [0x0000000080200000, 0x0000000083180000, 0x00000000d5600000)
  object space 48640K, 17% used [0x0000000080200000,0x0000000080a22b00,0x0000000083180000)
 Metaspace       used 20411K, capacity 21270K, committed 21296K, reserved 1067008K
  class space    used 2903K, capacity 3113K, committed 3120K, reserved 1048576K
}
Event: 25.921 GC heap before
{Heap before GC invocations=4 (full 1):
 PSYoungGen      total 38400K, used 9570K [0x00000000d5600000, 0x00000000d8080000, 0x0000000100000000)
  eden space 33280K, 28% used [0x00000000d5600000,0x00000000d5f58878,0x00000000d7680000)
  from space 5120K, 0% used [0x00000000d7b80000,0x00000000d7b80000,0x00000000d8080000)
  to   space 5120K, 0% used [0x00000000d7680000,0x00000000d7680000,0x00000000d7b80000)
 ParOldGen       total 48640K, used 8330K [0x0000000080200000, 0x0000000083180000, 0x00000000d5600000)
  object space 48640K, 17% used [0x0000000080200000,0x0000000080a22b00,0x0000000083180000)
 Metaspace       used 21772K, capacity 22682K, committed 22704K, reserved 1073152K
  class space    used 3025K, capacity 3237K, committed 3248K, reserved 1048576K
Event: 25.923 GC heap after
Heap after GC invocations=4 (full 1):
 PSYoungGen      total 38400K, used 1184K [0x00000000d5600000, 0x00000000d8080000, 0x0000000100000000)
  eden space 33280K, 0% used [0x00000000d5600000,0x00000000d5600000,0x00000000d7680000)
  from space 5120K, 23% used [0x00000000d7680000,0x00000000d77a8000,0x00000000d7b80000)
  to   space 5120K, 0% used [0x00000000d7b80000,0x00000000d7b80000,0x00000000d8080000)
 ParOldGen       total 48640K, used 8338K [0x0000000080200000, 0x0000000083180000, 0x00000000d5600000)
  object space 48640K, 17% used [0x0000000080200000,0x0000000080a24b00,0x0000000083180000)
 Metaspace       used 21772K, capacity 22682K, committed 22704K, reserved 1073152K
  class space    used 3025K, capacity 3237K, committed 3248K, reserved 1048576K
}
Event: 25.923 GC heap before
{Heap before GC invocations=5 (full 2):
 PSYoungGen      total 38400K, used 1184K [0x00000000d5600000, 0x00000000d8080000, 0x0000000100000000)
  eden space 33280K, 0% used [0x00000000d5600000,0x00000000d5600000,0x00000000d7680000)
  from space 5120K, 23% used [0x00000000d7680000,0x00000000d77a8000,0x00000000d7b80000)
  to   space 5120K, 0% used [0x00000000d7b80000,0x00000000d7b80000,0x00000000d8080000)
 ParOldGen       total 48640K, used 8338K [0x0000000080200000, 0x0000000083180000, 0x00000000d5600000)
  object space 48640K, 17% used [0x0000000080200000,0x0000000080a24b00,0x0000000083180000)
 Metaspace       used 21772K, capacity 22682K, committed 22704K, reserved 1073152K
  class space    used 3025K, capacity 3237K, committed 3248K, reserved 1048576K

Deoptimization events (10 events):
Event: 7.658 Thread 0x00000000598ba000 Uncommon trap: reason=bimorphic action=maybe_recompile pc=0x0000000002c2575c method=java.io.DataInputStream.readByte()B @ 4
Event: 7.659 Thread 0x00000000598ba000 Uncommon trap: reason=bimorphic action=maybe_recompile pc=0x0000000002c2575c method=java.io.DataInputStream.readByte()B @ 4
Event: 7.659 Thread 0x00000000598ba000 Uncommon trap: reason=bimorphic action=maybe_recompile pc=0x0000000002a49340 method=java.io.DataInputStream.readChar()C @ 4
Event: 8.195 Thread 0x00000000598ba000 Uncommon trap: reason=unstable_if action=reinterpret pc=0x0000000002c83a28 method=jdk.internal.org.objectweb.asm.Type.getArgumentsAndReturnSizes(Ljava/lang/String;)I @ 47
Event: 25.357 Thread 0x00000000598ba000 Uncommon trap: reason=unstable_if action=reinterpret pc=0x0000000002d37588 method=java.util.WeakHashMap.expungeStaleEntries()V @ 9
Event: 25.747 Thread 0x00000000598ba000 Uncommon trap: reason=array_check action=maybe_recompile pc=0x0000000002f0617c method=com.sun.javafx.css.SimpleSelector.applies(Ljavafx/css/Styleable;[Ljava/util/Set;I)Z @ 37
Event: 25.747 Thread 0x00000000598ba000 Uncommon trap: reason=array_check action=maybe_recompile pc=0x0000000002f0617c method=com.sun.javafx.css.SimpleSelector.applies(Ljavafx/css/Styleable;[Ljava/util/Set;I)Z @ 37
Event: 25.747 Thread 0x00000000598ba000 Uncommon trap: reason=array_check action=maybe_recompile pc=0x0000000002f0617c method=com.sun.javafx.css.SimpleSelector.applies(Ljavafx/css/Styleable;[Ljava/util/Set;I)Z @ 37
Event: 25.747 Thread 0x00000000598ba000 Uncommon trap: reason=array_check action=maybe_recompile pc=0x0000000002f0617c method=com.sun.javafx.css.SimpleSelector.applies(Ljavafx/css/Styleable;[Ljava/util/Set;I)Z @ 37
Event: 25.791 Thread 0x00000000598ba000 Uncommon trap: reason=unstable_if action=reinterpret pc=0x0000000002e35674 method=com.sun.javafx.css.BitSet.add(Ljava/lang/Object;)Z @ 91

Internal exceptions (10 events):
Event: 0.216 Thread 0x0000000001fe9000 Exception <a 'java/security/PrivilegedActionException'> (0x00000000d599fb20) thrown at [D:\re\workspace\8-2-build-windows-amd64-cygwin\jdk8u40\3098\hotspot\src\share\vm\prims\jvm.cpp, line 1382]
Event: 0.216 Thread 0x0000000001fe9000 Exception <a 'java/security/PrivilegedActionException'> (0x00000000d59a3618) thrown at [D:\re\workspace\8-2-build-windows-amd64-cygwin\jdk8u40\3098\hotspot\src\share\vm\prims\jvm.cpp, line 1382]
Event: 0.216 Thread 0x0000000001fe9000 Exception <a 'java/security/PrivilegedActionException'> (0x00000000d59a37d0) thrown at [D:\re\workspace\8-2-build-windows-amd64-cygwin\jdk8u40\3098\hotspot\src\share\vm\prims\jvm.cpp, line 1382]
Event: 0.216 Thread 0x0000000001fe9000 Exception <a 'java/lang/NullPointerException'> (0x00000000d59a3d50) thrown at [D:\re\workspace\8-2-build-windows-amd64-cygwin\jdk8u40\3098\hotspot\src\share\vm\interpreter\linkResolver.cpp, line 1178]
Event: 2.044 Thread 0x0000000001fe9000 Implicit null exception at 0x0000000002a3fe38 to 0x0000000002a3ffb1
Event: 2.422 Thread 0x0000000001fe9000 Implicit null exception at 0x0000000002abf105 to 0x0000000002abf325
Event: 2.422 Thread 0x0000000001fe9000 Implicit null exception at 0x0000000002ac0f0b to 0x0000000002ac1665
Event: 2.977 Thread 0x00000000598ba000 Exception <a 'java/lang/NullPointerException'> (0x00000000d75b3ba0) thrown at [D:\re\workspace\8-2-build-windows-amd64-cygwin\jdk8u40\3098\hotspot\src\share\vm\interpreter\linkResolver.cpp, line 1178]
Event: 2.977 Thread 0x00000000598ba000 Exception <a 'java/lang/NullPointerException'> (0x00000000d75b3ba0) thrown at [D:\re\workspace\8-2-build-windows-amd64-cygwin\jdk8u40\3098\hotspot\src\share\vm\prims\jvm.cpp, line 1386]
Event: 3.559 Thread 0x00000000598ba000 Implicit null exception at 0x0000000002a608b9 to 0x0000000002a60999

Events (10 events):
Event: 25.863 loading class java/nio/DirectIntBufferU done
Event: 25.867 loading class com/sun/prism/PixelSource
Event: 25.867 loading class com/sun/prism/PixelSource done
Event: 25.867 loading class com/sun/javafx/tk/quantum/SceneState
Event: 25.867 loading class com/sun/javafx/tk/quantum/SceneState done
Event: 25.867 Executing VM operation: RevokeBias
Event: 25.867 Executing VM operation: RevokeBias done
Event: 25.871 Executing VM operation: RevokeBias
Event: 25.871 Executing VM operation: RevokeBias done
Event: 25.921 Executing VM operation: CollectForMetadataAllocation


Dynamic libraries:
0x000000013f660000 - 0x000000013f697000 	C:\Program Files\Java\jre1.8.0_40\bin\javaw.exe
0x0000000076fd0000 - 0x0000000077179000 	C:\Windows\SYSTEM32\ntdll.dll
0x0000000076eb0000 - 0x0000000076fcf000 	C:\Windows\system32\kernel32.dll
0x000007fefcf50000 - 0x000007fefcfbc000 	C:\Windows\system32\KERNELBASE.dll
0x000007fefd360000 - 0x000007fefd43b000 	C:\Windows\system32\ADVAPI32.dll
0x000007fefd210000 - 0x000007fefd2af000 	C:\Windows\system32\msvcrt.dll
0x000007fefed40000 - 0x000007fefed5f000 	C:\Windows\SYSTEM32\sechost.dll
0x000007fefe410000 - 0x000007fefe53d000 	C:\Windows\system32\RPCRT4.dll
0x0000000076db0000 - 0x0000000076eaa000 	C:\Windows\system32\USER32.dll
0x000007fefe540000 - 0x000007fefe5a7000 	C:\Windows\system32\GDI32.dll
0x000007feff1c0000 - 0x000007feff1ce000 	C:\Windows\system32\LPK.dll
0x000007fefd140000 - 0x000007fefd209000 	C:\Windows\system32\USP10.dll
0x000007fefb6c0000 - 0x000007fefb8b4000 	C:\Windows\WinSxS\amd64_microsoft.windows.common-controls_6595b64144ccf1df_6.0.7601.18837_none_fa3b1e3d17594757\COMCTL32.dll
0x000007feff140000 - 0x000007feff1b1000 	C:\Windows\system32\SHLWAPI.dll
0x000007fefd330000 - 0x000007fefd35e000 	C:\Windows\system32\IMM32.DLL
0x000007feff1d0000 - 0x000007feff2d9000 	C:\Windows\system32\MSCTF.dll
0x000000006b680000 - 0x000000006b752000 	C:\Program Files\Java\jre1.8.0_40\bin\msvcr100.dll
0x000000006adf0000 - 0x000000006b673000 	C:\Program Files\Java\jre1.8.0_40\bin\server\jvm.dll
0x000007fef1040000 - 0x000007fef1049000 	C:\Windows\system32\WSOCK32.dll
0x000007fefee40000 - 0x000007fefee8d000 	C:\Windows\system32\WS2_32.dll
0x000007fefeba0000 - 0x000007fefeba8000 	C:\Windows\system32\NSI.dll
0x000007fefa6e0000 - 0x000007fefa71b000 	C:\Windows\system32\WINMM.dll
0x000007fefbe60000 - 0x000007fefbe6c000 	C:\Windows\system32\VERSION.dll
0x0000000077190000 - 0x0000000077197000 	C:\Windows\system32\PSAPI.DLL
0x0000000072bb0000 - 0x0000000072bbf000 	C:\Program Files\Java\jre1.8.0_40\bin\verify.dll
0x0000000072b80000 - 0x0000000072ba9000 	C:\Program Files\Java\jre1.8.0_40\bin\java.dll
0x0000000072b60000 - 0x0000000072b76000 	C:\Program Files\Java\jre1.8.0_40\bin\zip.dll
0x000007fefd680000 - 0x000007fefe409000 	C:\Windows\system32\SHELL32.dll
0x000007fefef30000 - 0x000007feff133000 	C:\Windows\system32\ole32.dll
0x000007fefcd90000 - 0x000007fefcd9f000 	C:\Windows\system32\profapi.dll
0x000000006c7b0000 - 0x000000006c7dc000 	C:\Program Files\Java\jre1.8.0_40\bin\prism_d3d.dll
0x000007fedb920000 - 0x000007fedbb1f000 	C:\Windows\system32\d3d9.dll
0x000007fefa180000 - 0x000007fefa187000 	C:\Windows\system32\d3d8thk.dll
0x000007fefb100000 - 0x000007fefb118000 	C:\Windows\system32\dwmapi.dll
0x000007fefb660000 - 0x000007fefb6b6000 	C:\Windows\system32\uxtheme.dll
0x000007fefa140000 - 0x000007fefa14e000 	C:\Windows\system32\atiu9p64.dll
0x0000000062d10000 - 0x0000000063433000 	C:\Windows\system32\atiumd64.dll
0x000000006b860000 - 0x000000006bc4c000 	C:\Windows\system32\atiumd6a.dll
0x000000006c760000 - 0x000000006c7a1000 	C:\Program Files\Java\jre1.8.0_40\bin\glass.dll
0x000007fefe810000 - 0x000007fefe8a7000 	C:\Windows\system32\COMDLG32.dll
0x000007fefed60000 - 0x000007fefee37000 	C:\Windows\system32\OLEAUT32.dll
0x000007fefcbe0000 - 0x000007fefcbef000 	C:\Windows\system32\CRYPTBASE.dll
0x0000000072b40000 - 0x0000000072b5a000 	C:\Program Files\Java\jre1.8.0_40\bin\net.dll
0x000007fefc500000 - 0x000007fefc555000 	C:\Windows\system32\mswsock.dll
0x000007fefc4f0000 - 0x000007fefc4f7000 	C:\Windows\System32\wship6.dll
0x0000000072360000 - 0x0000000072371000 	C:\Program Files\Java\jre1.8.0_40\bin\nio.dll
0x0000000071f90000 - 0x0000000071fb4000 	C:\Program Files\Java\jre1.8.0_40\bin\sunec.dll
0x000007fefc730000 - 0x000007fefc747000 	C:\Windows\system32\CRYPTSP.dll
0x000007fefc2a0000 - 0x000007fefc2e7000 	C:\Windows\system32\rsaenh.dll
0x000007fefcda0000 - 0x000007fefcdbe000 	C:\Windows\system32\USERENV.dll
0x000007fefa290000 - 0x000007fefa2b7000 	C:\Windows\system32\IPHLPAPI.DLL
0x000007fefa230000 - 0x000007fefa23b000 	C:\Windows\system32\WINNSI.DLL
0x000007fef9cf0000 - 0x000007fef9d01000 	C:\Windows\system32\dhcpcsvc6.DLL
0x000007fef9cd0000 - 0x000007fef9ce8000 	C:\Windows\system32\dhcpcsvc.DLL
0x000007fefbf30000 - 0x000007fefbf37000 	C:\Windows\System32\wshtcpip.dll
0x000007fefc380000 - 0x000007fefc3db000 	C:\Windows\system32\DNSAPI.dll
0x000007fef1090000 - 0x000007fef1098000 	C:\Windows\system32\rasadhlp.dll
0x000007fef9d20000 - 0x000007fef9d73000 	C:\Windows\System32\fwpuclnt.dll
0x000007fefa440000 - 0x000007fefa455000 	C:\Windows\system32\NLAapi.dll
0x000007fef10a0000 - 0x000007fef10b5000 	C:\Windows\system32\napinsp.dll
0x000007fef10c0000 - 0x000007fef10d9000 	C:\Windows\system32\pnrpnsp.dll
0x000007fef1080000 - 0x000007fef108b000 	C:\Windows\System32\winrnr.dll
0x000000006c810000 - 0x000000006c825000 	C:\Program Files\Java\jre1.8.0_40\bin\javafx_font.dll
0x000007fef8f80000 - 0x000007fef9117000 	C:\Windows\system32\dwrite.dll
0x000007fefee90000 - 0x000007fefef29000 	C:\Windows\system32\CLBCatQ.DLL
0x000007fefaf20000 - 0x000007fefb081000 	C:\Windows\system32\WindowsCodecs.dll
0x000007fefcb80000 - 0x000007fefcbd7000 	C:\Windows\system32\apphelp.dll
0x000007feebd90000 - 0x000007feebe36000 	C:\Program Files (x86)\Adobe\Adobe Creative Cloud\CoreSync\CoreSync_x64.dll
0x000007feeb7e0000 - 0x000007feeb887000 	C:\Windows\system32\MSVCP110.dll
0x000007feeb700000 - 0x000007feeb7d4000 	C:\Windows\system32\MSVCR110.dll
0x000007feeb4c0000 - 0x000007feeb6fd000 	C:\PROGRA~1\MICROS~2\Office15\GROOVEEX.DLL
0x0000000072890000 - 0x0000000072928000 	C:\Windows\system32\MSVCP100.dll
0x0000000070f20000 - 0x0000000070f4b000 	C:\Windows\system32\ATL100.DLL
0x000007feeb1a0000 - 0x000007feeb4bd000 	C:\Windows\system32\msi.dll
0x000007feea920000 - 0x000007feeb19d000 	C:\PROGRA~1\MICROS~2\Office15\1033\GrooveIntlResource.dll
0x000007feec0f0000 - 0x000007feec121000 	C:\Users\cgrass\AppData\Roaming\Dropbox\bin\DropboxExt64.26.dll
0x000007feec0b0000 - 0x000007feec0e5000 	C:\Windows\system32\EhStorShell.dll
0x000007fefd440000 - 0x000007fefd617000 	C:\Windows\system32\SETUPAPI.dll
0x000007fefcea0000 - 0x000007fefced6000 	C:\Windows\system32\CFGMGR32.dll
0x000007fefce80000 - 0x000007fefce9a000 	C:\Windows\system32\DEVOBJ.dll
0x000007fefb120000 - 0x000007fefb24c000 	C:\Windows\system32\PROPSYS.dll
0x000007fef96d0000 - 0x000007fef96fd000 	C:\Program Files\Common Files\Microsoft Shared\Ink\rtscom.dll
0x000007fee6180000 - 0x000007fee6544000 	C:\Windows\system32\d2d1.dll
0x000007feecae0000 - 0x000007feeccb5000 	C:\Windows\system32\d3d11.dll
0x000007feeccc0000 - 0x000007feecd1d000 	C:\Windows\system32\dxgi.dll
0x000007fee15f0000 - 0x000007fee1869000 	C:\Windows\system32\D3D10Warp.dll
0x000007fefcee0000 - 0x000007fefcf1a000 	C:\Windows\system32\WINTRUST.dll
0x000007fefcfd0000 - 0x000007fefd13c000 	C:\Windows\system32\CRYPT32.dll
0x000007fefcd80000 - 0x000007fefcd8f000 	C:\Windows\system32\MSASN1.dll
0x000000006b840000 - 0x000000006b851000 	C:\Program Files\Java\jre1.8.0_40\bin\prism_common.dll

VM Arguments:
jvm_args: -Dfile.encoding=Cp1252 
java_command: guiCode.DataAppTest
java_class_path (initial): C:\Users\cgrass\workspace\analytics-cmdline-sample\target\classes;C:\Users\cgrass\Desktop\Java\UCanAccess-2.0.9.3-bin\UCanAccess-2.0.9.3-bin\lib\hsqldb.jar;C:\Users\cgrass\Desktop\Java\UCanAccess-2.0.9.3-bin\UCanAccess-2.0.9.3-bin\lib\jackcess-2.0.8.jar;C:\Users\cgrass\Desktop\Java\UCanAccess-2.0.9.3-bin\UCanAccess-2.0.9.3-bin\ucanaccess-2.0.9.3.jar;C:\Users\cgrass\Desktop\Java\UCanAccess-2.0.9.3-bin\UCanAccess-2.0.9.3-bin\lib\commons-logging-1.1.1.jar;C:\Users\cgrass\Desktop\Java\UCanAccess-2.0.9.3-bin\UCanAccess-2.0.9.3-bin\lib\commons-lang-2.6.jar;C:\Program Files (x86)\MySQL\Connector.J 5.1\mysql-connector-java-5.1.34-bin.jar;C:\Users\cgrass\.m2\repository\com\google\apis\google-api-services-analytics\v3-rev98-1.19.0\google-api-services-analytics-v3-rev98-1.19.0.jar;C:\Users\cgrass\.m2\repository\com\google\api-client\google-api-client\1.19.0\google-api-client-1.19.0.jar;C:\Users\cgrass\.m2\repository\com\google\oauth-client\google-oauth-client\1.19.0\google-oauth-client-1.19.0.jar;C:\Users\cgrass\.m2\repository\com\google\guava\guava-jdk5\13.0\guava-jdk5-13.0.jar;C:\Users\cgrass\.m2\repository\com\google\http-client\google-http-client-jackson2\1.19.0\google-http-client-jackson2-1.19.0.jar;C:\Users\cgrass\.m2\repository\com\google\http-client\google-http-client\1.19.0\google-http-client-1.19.0.jar;C:\Users\cgrass\.m2\repository\com\google\code\findbugs\jsr305\1.3.9\jsr305-1.3.9.jar;C:\Users\cgrass\.m2\repository\org\apache\httpcomponents\httpclient\4.0.1\httpclient-4.0.1.jar;C:\Users\cgrass\.m2\repository\org\apache\httpcomponents\httpcore\4.0.1\httpcore-4.0.1.jar;C:\Users\cgrass\.m2\repository\commons-logging\commons-logging\1.1.1\commons-logging-1.1.1.jar;C:\Users\cgrass\.m2\repository\commons-codec\commons-codec\1.3\commons-codec-1.3.jar;C:\Users\cgrass\.m2\repository\com\google\oauth-client\google-oauth-client-jetty\1.19.0\google-oauth-client-jetty-1.19.0.jar;C:\Users\cgrass\.m2\repository\com\google\oauth-client\google-oauth-cli
Launcher Type: SUN_STANDARD

Environment Variables:
JAVA_HOME=C:\Program Files\Java\jdk1.7.0_45
CLASSPATH=.;C:\Program Files (x86)\Java\jre7\lib\ext\QTJava.zip
PATH=C:\Program Files\Apache Software Foundation\apache-maven-3.2.5\bin;C:\ProgramData\Oracle\Java\javapath;C:\Windows\system32;C:\Windows;C:\Windows\System32\Wbem;C:\Windows\System32\WindowsPowerShell\v1.0\;C:\Program Files (x86)\Novell\GroupWise;C:\Program Files (x86)\QuickTime\QTSystem\;C:\Program Files (x86)\Common Files\Roxio Shared\DLLShared\;C:\Program Files (x86)\Common Files\Roxio Shared\OEM\DLLShared\;C:\Program Files (x86)\Common Files\Roxio Shared\OEM\DLLShared\;C:\Program Files (x86)\Common Files\Roxio Shared\OEM\12.0\DLLShared\;C:\Program Files (x86)\Roxio\OEM\AudioCore\;C:\Program Files (x86)\SlikSvn\bin\;C:\Program Files\SASHome\Secure\ccme4;C:\Program Files\SASHome\x86\Secure\ccme4;C:\Program Files\Microsoft SQL Server\Client SDK\ODBC\110\Tools\Binn\;C:\Program Files (x86)\Microsoft SQL Server\120\Tools\Binn\;C:\Program Files\Microsoft SQL Server\120\Tools\Binn\;C:\Program Files\Microsoft SQL Server\120\DTS\Binn\;C:\Program Files (x86)\MySQL\MySQL Fabric 1.5.3 & MySQL Utilities 1.5.3 1.5\;C:\Program Files (x86)\MySQL\MySQL Fabric 1.5.3 & MySQL Utilities 1.5.3 1.5\Doctrine extensions for PHP\;C:\Python27\Scripts;C:\Program Files (x86)\Git\bin;C:\Program Files (x86)\Git\cmd;C:\Users\cgrass\AppData\Local\Anaconda;C:\Users\cgrass\AppData\Local\Anaconda\Scripts;C:\Users\cgrass\AppData\Local\Continuum\Anaconda;C:\Users\cgrass\AppData\Local\Continuum\Anaconda\Scripts;C:\Program Files\Apache Software Foundation\apache-maven-3.2.5\bin;C:\Program Files\Java\jdk1.7.0_45\bin;C:\Python27\Lib\site-packages\PyQt4;C:\Python27;C:\Python27\DLLs;C:\Python27\Scripts;C:\Python27\Lib\site-packages\vtk;C:\Python27\gnuplot\binary;C:\Program Files (x86)\pythonxy\SciTE-3.3.2-3;C:\Program Files (x86)\pythonxy\console;C:\MinGW32-xy\bin;C:\Program Files\Mercurial
USERNAME=cgrass
OS=Windows_NT
PROCESSOR_IDENTIFIER=Intel64 Family 6 Model 58 Stepping 9, GenuineIntel



---------------  S Y S T E M  ---------------

OS: Windows 7 , 64 bit Build 7601 (6.1.7601.18869)

CPU:total 4 (4 cores per cpu, 1 threads per core) family 6 model 58 stepping 9, cmov, cx8, fxsr, mmx, sse, sse2, sse3, ssse3, sse4.1, sse4.2, popcnt, avx, aes, clmul, erms, tsc, tscinvbit, tscinv

Memory: 4k page, physical 8374740k(717748k free), swap 9421480k(4904k free)

vm_info: Java HotSpot(TM) 64-Bit Server VM (25.40-b25) for windows-amd64 JRE (1.8.0_40-b26), built on Mar  7 2015 13:51:59 by "java_re" with MS VC++ 10.0 (VS2010)

time: Tue Jul 21 13:46:47 2015
elapsed time: 26 seconds (0d 0h 0m 26s)

